<?xml version="1.0" encoding="UTF-8"?>
<!-- Generated by org.testng.reporters.JUnitReportReporter -->
<testsuite hostname="LAPTOP-5IK3GNM6" failures="0" tests="1" name="com.qa.rest.test.GetCallBDD" time="1.852" errors="0" timestamp="2022-03-11T22:38:36 CST" skipped="0">
  <testcase classname="com.qa.rest.test.GetCallBDD" name="test_numberOfCircuitsFor2017_Season" time="1.852"/>
  <system-out/>
</testsuite> <!-- com.qa.rest.test.GetCallBDD -->
